============================= test session starts ==============================
collecting ... collected 105 items

tests/test_cors.py::test_cors_headers_on_health_endpoint PASSED          [  0%]
tests/test_cors.py::test_cors_preflight PASSED                           [  1%]
tests/test_cors.py::test_cors_credentials PASSED                         [  2%]
tests/test_cors.py::test_cors_exposed_headers PASSED                     [  3%]
tests/test_cors.py::test_cors_on_time_entries_options PASSED             [  4%]
tests/test_cors.py::test_cors_on_time_entries PASSED                     [  5%]
tests/test_customer_service.py::test_create_customer PASSED              [  6%]
tests/test_customer_service.py::test_create_duplicate_customer PASSED    [  7%]
tests/test_customer_service.py::test_get_customer PASSED                 [  8%]
tests/test_customer_service.py::test_get_nonexistent_customer PASSED     [  9%]
tests/test_customer_service.py::test_get_all_customers PASSED            [ 10%]
tests/test_customer_service.py::test_update_customer PASSED              [ 11%]
tests/test_customer_service.py::test_update_nonexistent_customer PASSED  [ 12%]
tests/test_file_upload.py::test_xls_analyzer_valid PASSED                [ 13%]
tests/test_file_upload.py::test_xls_analyzer_empty_file PASSED           [ 14%]
tests/test_file_upload.py::test_xls_analyzer_invalid_data PASSED         [ 15%]
tests/test_file_upload.py::test_dash_customer_handling PASSED            [ 16%]
tests/test_file_upload.py::test_upload_excel_valid PASSED                [ 17%]
tests/test_file_upload.py::test_xls_analyzer_date_conversion PASSED      [ 18%]
tests/test_file_upload.py::test_xls_analyzer_missing_columns PASSED      [ 19%]
tests/test_file_upload.py::test_upload_excel_creates_customers_and_projects FAILED [ 20%]
tests/test_interfaces.py::test_time_entry_interface PASSED               [ 20%]
tests/test_interfaces.py::test_customer_interface PASSED                 [ 21%]
tests/test_interfaces.py::test_project_interface FAILED                  [ 22%]
tests/test_interfaces.py::test_project_manager_interface PASSED          [ 23%]
tests/test_interfaces.py::test_database_status_interface PASSED          [ 24%]
tests/test_models.py::test_time_entry_creation PASSED                    [ 25%]
tests/test_models.py::test_customer_creation PASSED                      [ 26%]
tests/test_models.py::test_customer_default_status PASSED                [ 27%]
tests/test_models.py::test_project_creation PASSED                       [ 28%]
tests/test_models.py::test_project_manager_creation PASSED               [ 29%]
tests/test_models.py::test_project_default_status PASSED                 [ 30%]
tests/test_models.py::test_time_entry_repr PASSED                        [ 31%]
tests/test_models.py::test_project_repr PASSED                           [ 32%]
tests/test_models.py::test_model_timestamps PASSED                       [ 33%]
tests/test_project_manager_service.py::test_create_project_manager PASSED [ 34%]
tests/test_project_manager_service.py::test_create_duplicate_project_manager PASSED [ 35%]
tests/test_project_manager_service.py::test_get_project_manager PASSED   [ 36%]
tests/test_project_manager_service.py::test_get_nonexistent_project_manager PASSED [ 37%]
tests/test_project_manager_service.py::test_get_all_project_managers PASSED [ 38%]
tests/test_project_manager_service.py::test_update_project_manager PASSED [ 39%]
tests/test_project_manager_service.py::test_update_nonexistent_project_manager PASSED [ 40%]
tests/test_project_service.py::test_create_project PASSED                [ 40%]
tests/test_project_service.py::test_create_duplicate_project PASSED      [ 41%]
tests/test_project_service.py::test_get_project PASSED                   [ 42%]
tests/test_project_service.py::test_get_nonexistent_project PASSED       [ 43%]
tests/test_project_service.py::test_get_all_projects PASSED              [ 44%]
tests/test_project_service.py::test_get_projects_by_customer PASSED      [ 45%]
tests/test_project_service.py::test_get_projects_by_manager PASSED       [ 46%]
tests/test_project_service.py::test_update_project PASSED                [ 47%]
tests/test_project_service.py::test_create_project_without_project_manager FAILED [ 48%]
tests/test_project_service.py::test_create_project_with_nonexistent_project_manager PASSED [ 49%]
tests/test_project_service.py::test_create_project_with_invalid_customer FAILED [ 50%]
tests/test_project_service.py::test_update_nonexistent_project PASSED    [ 51%]
tests/test_project_service.py::test_delete_project PASSED                [ 52%]
tests/test_project_service.py::test_delete_nonexistent_project PASSED    [ 53%]
tests/test_project_service.py::test_create_project_with_new_customer PASSED [ 54%]
tests/test_project_service.py::test_create_project_without_customer PASSED [ 55%]
tests/test_repositories.py::test_customer_repository_create PASSED       [ 56%]
tests/test_repositories.py::test_customer_repository_get_by_id PASSED    [ 57%]
tests/test_repositories.py::test_customer_repository_get_by_name PASSED  [ 58%]
tests/test_repositories.py::test_customer_repository_get_all PASSED      [ 59%]
tests/test_repositories.py::test_customer_repository_update PASSED       [ 60%]
tests/test_repositories.py::test_customer_repository_delete PASSED       [ 60%]
tests/test_repositories.py::test_customer_repository_unique_name_constraint PASSED [ 61%]
tests/test_repositories.py::test_customer_repository_pagination PASSED   [ 62%]
tests/test_repositories.py::test_time_entry_repository_create PASSED     [ 63%]
tests/test_repositories.py::test_time_entry_repository_get_by_id PASSED  [ 64%]
tests/test_repositories.py::test_time_entry_repository_get_by_date PASSED [ 65%]
tests/test_repositories.py::test_time_entry_repository_get_all PASSED    [ 66%]
tests/test_repositories.py::test_time_entry_repository_update PASSED     [ 67%]
tests/test_repositories.py::test_time_entry_repository_delete PASSED     [ 68%]
tests/test_repositories.py::test_time_entry_repository_pagination PASSED [ 69%]
tests/test_routes.py::test_root_endpoint PASSED                          [ 70%]
tests/test_routes.py::test_get_time_entries_empty PASSED                 [ 71%]
tests/test_routes.py::test_create_time_entry PASSED                      [ 72%]
tests/test_routes.py::test_get_time_entries_with_database_query PASSED   [ 73%]
tests/test_routes.py::test_get_time_entries_complex_filtering PASSED     [ 74%]
tests/test_routes.py::test_get_time_entries_empty_database PASSED        [ 75%]
tests/test_routes.py::test_get_time_entries_invalid_filters PASSED       [ 76%]
tests/test_routes.py::test_create_time_entry_invalid_data PASSED         [ 77%]
tests/test_routes.py::test_upload_excel_valid PASSED                     [ 78%]
tests/test_routes.py::test_get_time_entries_with_filters PASSED          [ 79%]
tests/test_routes.py::test_get_time_entries_pagination PASSED            [ 80%]
tests/test_services.py::test_create_time_entry PASSED                    [ 80%]
tests/test_services.py::test_create_time_entry_with_defaults PASSED      [ 81%]
tests/test_services.py::test_create_many_entries PASSED                  [ 82%]
tests/test_services.py::test_get_time_entries PASSED                     [ 83%]
tests/test_services.py::test_get_time_entries_pagination PASSED          [ 84%]
tests/test_time_entry.py::test_create_time_entry_auto_calculations PASSED [ 85%]
tests/test_time_entry.py::test_create_time_entry_default_hours PASSED    [ 86%]
tests/test_time_entry.py::test_create_time_entry_auto_id PASSED          [ 87%]
tests/test_time_entry.py::test_create_single_time_entry PASSED           [ 88%]
tests/test_time_entry.py::test_create_time_entry_with_defaults PASSED    [ 89%]
tests/test_time_entry.py::test_create_time_entry_invalid_hours PASSED    [ 90%]
tests/test_time_entry.py::test_create_time_entry_with_nonexistent_customer PASSED [ 91%]
tests/test_time_entry.py::test_create_time_entry_customer_mismatch PASSED [ 92%]
tests/test_time_entry.py::test_get_time_entries_with_filters PASSED      [ 93%]
tests/test_time_entry.py::test_api_example_default_values PASSED         [ 94%]
tests/test_time_entry.py::test_time_entry_date_validation PASSED         [ 95%]
tests/test_time_entry.py::test_create_time_entry_zero_hours PASSED       [ 96%]
tests/test_time_entry.py::test_create_time_entry_auto_date_calculations PASSED [ 97%]
tests/test_time_entry.py::test_time_entry_with_invalid_project PASSED    [ 98%]
tests/test_validators.py::test_normalize_customer_name_dash_conversion PASSED [ 99%]
tests/test_xls_analyzer.py::test_xls_analyzer_dash_to_default_conversion PASSED [100%]

======================== 4 failed, 101 passed in 17.44s ========================
