{"timestamp": "2025-02-11T17:50:11.822591", "level": "WARNING", "correlation_id": "b209b898-e8ff-4904-9de6-11d784d8399c", "logger": "TimesheetTracker", "message": "Validation failed for entry. Using defaults: customer=Unassigned, project=Unassigned", "context": {}}
{"timestamp": "2025-02-11T17:50:11.822838", "level": "DEBUG", "correlation_id": "b209b898-e8ff-4904-9de6-11d784d8399c", "logger": "TimesheetTracker", "message": "Processed entry: customer=Unassigned, project=Unassigned", "context": {}}
{"timestamp": "2025-02-11T17:50:11.844712", "level": "DEBUG", "correlation_id": "b209b898-e8ff-4904-9de6-11d784d8399c", "logger": "TimesheetTracker", "message": "Converting empty/invalid project ID to Unassigned", "context": {}}
{"timestamp": "2025-02-11T17:50:11.866582", "level": "WARNING", "correlation_id": "b209b898-e8ff-4904-9de6-11d784d8399c", "logger": "TimesheetTracker", "message": "Validation failed for entry. Using defaults: customer=Unassigned, project=Unassigned", "context": {}}
{"timestamp": "2025-02-11T17:50:11.866758", "level": "DEBUG", "correlation_id": "b209b898-e8ff-4904-9de6-11d784d8399c", "logger": "TimesheetTracker", "message": "Processed entry: customer=Unassigned, project=Unassigned", "context": {}}
{"timestamp": "2025-02-11T17:50:11.888508", "level": "DEBUG", "correlation_id": "b209b898-e8ff-4904-9de6-11d784d8399c", "logger": "TimesheetTracker", "message": "Converting empty/invalid project ID to Unassigned", "context": {}}
{"timestamp": "2025-02-11T17:50:11.911254", "level": "WARNING", "correlation_id": "b209b898-e8ff-4904-9de6-11d784d8399c", "logger": "TimesheetTracker", "message": "Validation failed for entry. Using defaults: customer=Unassigned, project=Unassigned", "context": {}}
{"timestamp": "2025-02-11T17:50:11.911505", "level": "DEBUG", "correlation_id": "b209b898-e8ff-4904-9de6-11d784d8399c", "logger": "TimesheetTracker", "message": "Processed entry: customer=Unassigned, project=Unassigned", "context": {}}
{"timestamp": "2025-02-11T17:50:11.955371", "level": "WARNING", "correlation_id": "b209b898-e8ff-4904-9de6-11d784d8399c", "logger": "TimesheetTracker", "message": "Validation failed for entry. Using defaults: customer=Unassigned, project=Unassigned", "context": {}}
{"timestamp": "2025-02-11T17:50:11.955589", "level": "DEBUG", "correlation_id": "b209b898-e8ff-4904-9de6-11d784d8399c", "logger": "TimesheetTracker", "message": "Processed entry: customer=Unassigned, project=Unassigned", "context": {}}
{"timestamp": "2025-02-11T17:50:11.977420", "level": "DEBUG", "correlation_id": "b209b898-e8ff-4904-9de6-11d784d8399c", "logger": "TimesheetTracker", "message": "Converting empty/invalid project ID to Unassigned", "context": {}}
{"timestamp": "2025-02-11T17:50:11.999296", "level": "WARNING", "correlation_id": "b209b898-e8ff-4904-9de6-11d784d8399c", "logger": "TimesheetTracker", "message": "Validation failed for entry. Using defaults: customer=Unassigned, project=Unassigned", "context": {}}
{"timestamp": "2025-02-11T17:50:11.999542", "level": "DEBUG", "correlation_id": "b209b898-e8ff-4904-9de6-11d784d8399c", "logger": "TimesheetTracker", "message": "Processed entry: customer=Unassigned, project=Unassigned", "context": {}}
{"timestamp": "2025-02-11T17:50:12.021361", "level": "DEBUG", "correlation_id": "b209b898-e8ff-4904-9de6-11d784d8399c", "logger": "TimesheetTracker", "message": "Converting empty/invalid project ID to Unassigned", "context": {}}
{"timestamp": "2025-02-11T17:50:12.043225", "level": "WARNING", "correlation_id": "b209b898-e8ff-4904-9de6-11d784d8399c", "logger": "TimesheetTracker", "message": "Validation failed for entry. Using defaults: customer=Unassigned, project=Unassigned", "context": {}}
{"timestamp": "2025-02-11T17:50:12.043592", "level": "DEBUG", "correlation_id": "b209b898-e8ff-4904-9de6-11d784d8399c", "logger": "TimesheetTracker", "message": "Processed entry: customer=Unassigned, project=Unassigned", "context": {}}
{"timestamp": "2025-02-11T17:50:12.065620", "level": "DEBUG", "correlation_id": "b209b898-e8ff-4904-9de6-11d784d8399c", "logger": "TimesheetTracker", "message": "Converting empty/invalid project ID to Unassigned", "context": {}}
{"timestamp": "2025-02-11T17:50:12.088189", "level": "WARNING", "correlation_id": "b209b898-e8ff-4904-9de6-11d784d8399c", "logger": "TimesheetTracker", "message": "Validation failed for entry. Using defaults: customer=Unassigned, project=Unassigned", "context": {}}
{"timestamp": "2025-02-11T17:50:12.088507", "level": "DEBUG", "correlation_id": "b209b898-e8ff-4904-9de6-11d784d8399c", "logger": "TimesheetTracker", "message": "Processed entry: customer=Unassigned, project=Unassigned", "context": {}}
{"timestamp": "2025-02-11T17:50:12.110330", "level": "DEBUG", "correlation_id": "b209b898-e8ff-4904-9de6-11d784d8399c", "logger": "TimesheetTracker", "message": "Converting empty/invalid project ID to Unassigned", "context": {}}
{"timestamp": "2025-02-11T17:50:12.132276", "level": "WARNING", "correlation_id": "b209b898-e8ff-4904-9de6-11d784d8399c", "logger": "TimesheetTracker", "message": "Validation failed for entry. Using defaults: customer=Unassigned, project=Unassigned", "context": {}}
{"timestamp": "2025-02-11T17:50:12.132528", "level": "DEBUG", "correlation_id": "b209b898-e8ff-4904-9de6-11d784d8399c", "logger": "TimesheetTracker", "message": "Processed entry: customer=Unassigned, project=Unassigned", "context": {}}
{"timestamp": "2025-02-11T17:50:12.175913", "level": "WARNING", "correlation_id": "b209b898-e8ff-4904-9de6-11d784d8399c", "logger": "TimesheetTracker", "message": "Validation failed for entry. Using defaults: customer=Unassigned, project=Unassigned", "context": {}}
{"timestamp": "2025-02-11T17:50:12.176216", "level": "DEBUG", "correlation_id": "b209b898-e8ff-4904-9de6-11d784d8399c", "logger": "TimesheetTracker", "message": "Processed entry: customer=Unassigned, project=Unassigned", "context": {}}
{"timestamp": "2025-02-11T17:50:12.198424", "level": "DEBUG", "correlation_id": "b209b898-e8ff-4904-9de6-11d784d8399c", "logger": "TimesheetTracker", "message": "Converting empty/invalid project ID to Unassigned", "context": {}}
{"timestamp": "2025-02-11T17:50:12.220407", "level": "WARNING", "correlation_id": "b209b898-e8ff-4904-9de6-11d784d8399c", "logger": "TimesheetTracker", "message": "Validation failed for entry. Using defaults: customer=Unassigned, project=Unassigned", "context": {}}
{"timestamp": "2025-02-11T17:50:12.220649", "level": "DEBUG", "correlation_id": "b209b898-e8ff-4904-9de6-11d784d8399c", "logger": "TimesheetTracker", "message": "Processed entry: customer=Unassigned, project=Unassigned", "context": {}}
{"timestamp": "2025-02-11T17:50:12.242459", "level": "DEBUG", "correlation_id": "b209b898-e8ff-4904-9de6-11d784d8399c", "logger": "TimesheetTracker", "message": "Converting empty/invalid project ID to Unassigned", "context": {}}
{"timestamp": "2025-02-11T17:50:12.264211", "level": "WARNING", "correlation_id": "b209b898-e8ff-4904-9de6-11d784d8399c", "logger": "TimesheetTracker", "message": "Validation failed for entry. Using defaults: customer=Unassigned, project=Unassigned", "context": {}}
{"timestamp": "2025-02-11T17:50:12.264516", "level": "DEBUG", "correlation_id": "b209b898-e8ff-4904-9de6-11d784d8399c", "logger": "TimesheetTracker", "message": "Processed entry: customer=Unassigned, project=Unassigned", "context": {}}
{"timestamp": "2025-02-11T17:50:12.286704", "level": "DEBUG", "correlation_id": "b209b898-e8ff-4904-9de6-11d784d8399c", "logger": "TimesheetTracker", "message": "Converting empty/invalid project ID to Unassigned", "context": {}}
{"timestamp": "2025-02-11T17:50:12.308501", "level": "WARNING", "correlation_id": "b209b898-e8ff-4904-9de6-11d784d8399c", "logger": "TimesheetTracker", "message": "Validation failed for entry. Using defaults: customer=Unassigned, project=Unassigned", "context": {}}
{"timestamp": "2025-02-11T17:50:12.308790", "level": "DEBUG", "correlation_id": "b209b898-e8ff-4904-9de6-11d784d8399c", "logger": "TimesheetTracker", "message": "Processed entry: customer=Unassigned, project=Unassigned", "context": {}}
{"timestamp": "2025-02-11T17:50:12.330530", "level": "DEBUG", "correlation_id": "b209b898-e8ff-4904-9de6-11d784d8399c", "logger": "TimesheetTracker", "message": "Converting empty/invalid project ID to Unassigned", "context": {}}
{"timestamp": "2025-02-11T17:50:12.352480", "level": "WARNING", "correlation_id": "b209b898-e8ff-4904-9de6-11d784d8399c", "logger": "TimesheetTracker", "message": "Validation failed for entry. Using defaults: customer=Unassigned, project=Unassigned", "context": {}}
{"timestamp": "2025-02-11T17:50:12.352672", "level": "DEBUG", "correlation_id": "b209b898-e8ff-4904-9de6-11d784d8399c", "logger": "TimesheetTracker", "message": "Processed entry: customer=Unassigned, project=Unassigned", "context": {}}
{"timestamp": "2025-02-11T17:50:12.374290", "level": "DEBUG", "correlation_id": "b209b898-e8ff-4904-9de6-11d784d8399c", "logger": "TimesheetTracker", "message": "Converting empty/invalid project ID to Unassigned", "context": {}}
{"timestamp": "2025-02-11T17:50:12.396324", "level": "WARNING", "correlation_id": "b209b898-e8ff-4904-9de6-11d784d8399c", "logger": "TimesheetTracker", "message": "Validation failed for entry. Using defaults: customer=Unassigned, project=Unassigned", "context": {}}
{"timestamp": "2025-02-11T17:50:12.396590", "level": "DEBUG", "correlation_id": "b209b898-e8ff-4904-9de6-11d784d8399c", "logger": "TimesheetTracker", "message": "Processed entry: customer=Unassigned, project=Unassigned", "context": {}}
{"timestamp": "2025-02-11T17:50:12.440410", "level": "WARNING", "correlation_id": "b209b898-e8ff-4904-9de6-11d784d8399c", "logger": "TimesheetTracker", "message": "Validation failed for entry. Using defaults: customer=Unassigned, project=Unassigned", "context": {}}
{"timestamp": "2025-02-11T17:50:12.440710", "level": "DEBUG", "correlation_id": "b209b898-e8ff-4904-9de6-11d784d8399c", "logger": "TimesheetTracker", "message": "Processed entry: customer=Unassigned, project=Unassigned", "context": {}}
{"timestamp": "2025-02-11T17:50:12.483990", "level": "WARNING", "correlation_id": "b209b898-e8ff-4904-9de6-11d784d8399c", "logger": "TimesheetTracker", "message": "Validation failed for entry. Using defaults: customer=Unassigned, project=Unassigned", "context": {}}
{"timestamp": "2025-02-11T17:50:12.484272", "level": "DEBUG", "correlation_id": "b209b898-e8ff-4904-9de6-11d784d8399c", "logger": "TimesheetTracker", "message": "Processed entry: customer=Unassigned, project=Unassigned", "context": {}}
{"timestamp": "2025-02-11T17:50:12.505864", "level": "DEBUG", "correlation_id": "b209b898-e8ff-4904-9de6-11d784d8399c", "logger": "TimesheetTracker", "message": "Converting empty/invalid project ID to Unassigned", "context": {}}
{"timestamp": "2025-02-11T17:50:12.527830", "level": "WARNING", "correlation_id": "b209b898-e8ff-4904-9de6-11d784d8399c", "logger": "TimesheetTracker", "message": "Validation failed for entry. Using defaults: customer=Unassigned, project=Unassigned", "context": {}}
{"timestamp": "2025-02-11T17:50:12.528083", "level": "DEBUG", "correlation_id": "b209b898-e8ff-4904-9de6-11d784d8399c", "logger": "TimesheetTracker", "message": "Processed entry: customer=Unassigned, project=Unassigned", "context": {}}
{"timestamp": "2025-02-11T17:50:12.550015", "level": "DEBUG", "correlation_id": "b209b898-e8ff-4904-9de6-11d784d8399c", "logger": "TimesheetTracker", "message": "Converting empty/invalid project ID to Unassigned", "context": {}}
{"timestamp": "2025-02-11T17:50:12.571905", "level": "WARNING", "correlation_id": "b209b898-e8ff-4904-9de6-11d784d8399c", "logger": "TimesheetTracker", "message": "Validation failed for entry. Using defaults: customer=Unassigned, project=Unassigned", "context": {}}
{"timestamp": "2025-02-11T17:50:12.572199", "level": "DEBUG", "correlation_id": "b209b898-e8ff-4904-9de6-11d784d8399c", "logger": "TimesheetTracker", "message": "Processed entry: customer=Unassigned, project=Unassigned", "context": {}}
{"timestamp": "2025-02-11T17:50:12.615483", "level": "WARNING", "correlation_id": "b209b898-e8ff-4904-9de6-11d784d8399c", "logger": "TimesheetTracker", "message": "Validation failed for entry. Using defaults: customer=Unassigned, project=Unassigned", "context": {}}
{"timestamp": "2025-02-11T17:50:12.615716", "level": "DEBUG", "correlation_id": "b209b898-e8ff-4904-9de6-11d784d8399c", "logger": "TimesheetTracker", "message": "Processed entry: customer=Unassigned, project=Unassigned", "context": {}}
{"timestamp": "2025-02-11T17:50:12.637647", "level": "DEBUG", "correlation_id": "b209b898-e8ff-4904-9de6-11d784d8399c", "logger": "TimesheetTracker", "message": "Converting empty/invalid project ID to Unassigned", "context": {}}
{"timestamp": "2025-02-11T17:50:12.659295", "level": "WARNING", "correlation_id": "b209b898-e8ff-4904-9de6-11d784d8399c", "logger": "TimesheetTracker", "message": "Validation failed for entry. Using defaults: customer=Unassigned, project=Unassigned", "context": {}}
{"timestamp": "2025-02-11T17:50:12.659589", "level": "DEBUG", "correlation_id": "b209b898-e8ff-4904-9de6-11d784d8399c", "logger": "TimesheetTracker", "message": "Processed entry: customer=Unassigned, project=Unassigned", "context": {}}
{"timestamp": "2025-02-11T17:50:12.702869", "level": "WARNING", "correlation_id": "b209b898-e8ff-4904-9de6-11d784d8399c", "logger": "TimesheetTracker", "message": "Validation failed for entry. Using defaults: customer=Unassigned, project=Unassigned", "context": {}}
{"timestamp": "2025-02-11T17:50:12.703102", "level": "DEBUG", "correlation_id": "b209b898-e8ff-4904-9de6-11d784d8399c", "logger": "TimesheetTracker", "message": "Processed entry: customer=Unassigned, project=Unassigned", "context": {}}
{"timestamp": "2025-02-11T17:50:12.724728", "level": "DEBUG", "correlation_id": "b209b898-e8ff-4904-9de6-11d784d8399c", "logger": "TimesheetTracker", "message": "Converting empty/invalid project ID to Unassigned", "context": {}}
{"timestamp": "2025-02-11T17:50:12.746815", "level": "WARNING", "correlation_id": "b209b898-e8ff-4904-9de6-11d784d8399c", "logger": "TimesheetTracker", "message": "Validation failed for entry. Using defaults: customer=Unassigned, project=Unassigned", "context": {}}
{"timestamp": "2025-02-11T17:50:12.747366", "level": "DEBUG", "correlation_id": "b209b898-e8ff-4904-9de6-11d784d8399c", "logger": "TimesheetTracker", "message": "Processed entry: customer=Unassigned, project=Unassigned", "context": {}}
{"timestamp": "2025-02-11T17:50:12.790674", "level": "WARNING", "correlation_id": "b209b898-e8ff-4904-9de6-11d784d8399c", "logger": "TimesheetTracker", "message": "Validation failed for entry. Using defaults: customer=Unassigned, project=Unassigned", "context": {}}
{"timestamp": "2025-02-11T17:50:12.791019", "level": "DEBUG", "correlation_id": "b209b898-e8ff-4904-9de6-11d784d8399c", "logger": "TimesheetTracker", "message": "Processed entry: customer=Unassigned, project=Unassigned", "context": {}}
{"timestamp": "2025-02-11T17:50:12.812848", "level": "DEBUG", "correlation_id": "b209b898-e8ff-4904-9de6-11d784d8399c", "logger": "TimesheetTracker", "message": "Converting empty/invalid project ID to Unassigned", "context": {}}
{"timestamp": "2025-02-11T17:50:12.835210", "level": "WARNING", "correlation_id": "b209b898-e8ff-4904-9de6-11d784d8399c", "logger": "TimesheetTracker", "message": "Validation failed for entry. Using defaults: customer=Unassigned, project=Unassigned", "context": {}}
{"timestamp": "2025-02-11T17:50:12.835441", "level": "DEBUG", "correlation_id": "b209b898-e8ff-4904-9de6-11d784d8399c", "logger": "TimesheetTracker", "message": "Processed entry: customer=Unassigned, project=Unassigned", "context": {}}
{"timestamp": "2025-02-11T17:50:12.857556", "level": "DEBUG", "correlation_id": "b209b898-e8ff-4904-9de6-11d784d8399c", "logger": "TimesheetTracker", "message": "Converting empty/invalid project ID to Unassigned", "context": {}}
{"timestamp": "2025-02-11T17:50:12.880343", "level": "WARNING", "correlation_id": "b209b898-e8ff-4904-9de6-11d784d8399c", "logger": "TimesheetTracker", "message": "Validation failed for entry. Using defaults: customer=Unassigned, project=Unassigned", "context": {}}
{"timestamp": "2025-02-11T17:50:12.880582", "level": "DEBUG", "correlation_id": "b209b898-e8ff-4904-9de6-11d784d8399c", "logger": "TimesheetTracker", "message": "Processed entry: customer=Unassigned, project=Unassigned", "context": {}}
{"timestamp": "2025-02-11T17:50:12.923504", "level": "WARNING", "correlation_id": "b209b898-e8ff-4904-9de6-11d784d8399c", "logger": "TimesheetTracker", "message": "Validation failed for entry. Using defaults: customer=Unassigned, project=Unassigned", "context": {}}
{"timestamp": "2025-02-11T17:50:12.923930", "level": "DEBUG", "correlation_id": "b209b898-e8ff-4904-9de6-11d784d8399c", "logger": "TimesheetTracker", "message": "Processed entry: customer=Unassigned, project=Unassigned", "context": {}}
{"timestamp": "2025-02-11T17:50:12.945553", "level": "DEBUG", "correlation_id": "b209b898-e8ff-4904-9de6-11d784d8399c", "logger": "TimesheetTracker", "message": "Converting empty/invalid project ID to Unassigned", "context": {}}
{"timestamp": "2025-02-11T17:50:12.967366", "level": "WARNING", "correlation_id": "b209b898-e8ff-4904-9de6-11d784d8399c", "logger": "TimesheetTracker", "message": "Validation failed for entry. Using defaults: customer=Unassigned, project=Unassigned", "context": {}}
{"timestamp": "2025-02-11T17:50:12.967573", "level": "DEBUG", "correlation_id": "b209b898-e8ff-4904-9de6-11d784d8399c", "logger": "TimesheetTracker", "message": "Processed entry: customer=Unassigned, project=Unassigned", "context": {}}
{"timestamp": "2025-02-11T17:50:12.989380", "level": "DEBUG", "correlation_id": "b209b898-e8ff-4904-9de6-11d784d8399c", "logger": "TimesheetTracker", "message": "Converting empty/invalid project ID to Unassigned", "context": {}}
{"timestamp": "2025-02-11T17:50:13.011464", "level": "WARNING", "correlation_id": "b209b898-e8ff-4904-9de6-11d784d8399c", "logger": "TimesheetTracker", "message": "Validation failed for entry. Using defaults: customer=Unassigned, project=Unassigned", "context": {}}
{"timestamp": "2025-02-11T17:50:13.011906", "level": "DEBUG", "correlation_id": "b209b898-e8ff-4904-9de6-11d784d8399c", "logger": "TimesheetTracker", "message": "Processed entry: customer=Unassigned, project=Unassigned", "context": {}}
{"timestamp": "2025-02-11T17:50:13.033760", "level": "DEBUG", "correlation_id": "b209b898-e8ff-4904-9de6-11d784d8399c", "logger": "TimesheetTracker", "message": "Converting empty/invalid project ID to Unassigned", "context": {}}
{"timestamp": "2025-02-11T17:50:13.055724", "level": "WARNING", "correlation_id": "b209b898-e8ff-4904-9de6-11d784d8399c", "logger": "TimesheetTracker", "message": "Validation failed for entry. Using defaults: customer=Unassigned, project=Unassigned", "context": {}}
{"timestamp": "2025-02-11T17:50:13.056046", "level": "DEBUG", "correlation_id": "b209b898-e8ff-4904-9de6-11d784d8399c", "logger": "TimesheetTracker", "message": "Processed entry: customer=Unassigned, project=Unassigned", "context": {}}
{"timestamp": "2025-02-11T17:50:13.077862", "level": "DEBUG", "correlation_id": "b209b898-e8ff-4904-9de6-11d784d8399c", "logger": "TimesheetTracker", "message": "Converting empty/invalid project ID to Unassigned", "context": {}}
{"timestamp": "2025-02-11T17:50:13.099832", "level": "WARNING", "correlation_id": "b209b898-e8ff-4904-9de6-11d784d8399c", "logger": "TimesheetTracker", "message": "Validation failed for entry. Using defaults: customer=Unassigned, project=Unassigned", "context": {}}
{"timestamp": "2025-02-11T17:50:13.100048", "level": "DEBUG", "correlation_id": "b209b898-e8ff-4904-9de6-11d784d8399c", "logger": "TimesheetTracker", "message": "Processed entry: customer=Unassigned, project=Unassigned", "context": {}}
{"timestamp": "2025-02-11T17:50:13.122369", "level": "DEBUG", "correlation_id": "b209b898-e8ff-4904-9de6-11d784d8399c", "logger": "TimesheetTracker", "message": "Converting empty/invalid project ID to Unassigned", "context": {}}
{"timestamp": "2025-02-11T17:50:13.144283", "level": "WARNING", "correlation_id": "b209b898-e8ff-4904-9de6-11d784d8399c", "logger": "TimesheetTracker", "message": "Validation failed for entry. Using defaults: customer=Unassigned, project=Unassigned", "context": {}}
{"timestamp": "2025-02-11T17:50:13.144558", "level": "DEBUG", "correlation_id": "b209b898-e8ff-4904-9de6-11d784d8399c", "logger": "TimesheetTracker", "message": "Processed entry: customer=Unassigned, project=Unassigned", "context": {}}
{"timestamp": "2025-02-11T17:50:13.166445", "level": "DEBUG", "correlation_id": "b209b898-e8ff-4904-9de6-11d784d8399c", "logger": "TimesheetTracker", "message": "Converting empty/invalid project ID to Unassigned", "context": {}}
{"timestamp": "2025-02-11T17:50:13.188483", "level": "WARNING", "correlation_id": "b209b898-e8ff-4904-9de6-11d784d8399c", "logger": "TimesheetTracker", "message": "Validation failed for entry. Using defaults: customer=Unassigned, project=Unassigned", "context": {}}
{"timestamp": "2025-02-11T17:50:13.188736", "level": "DEBUG", "correlation_id": "b209b898-e8ff-4904-9de6-11d784d8399c", "logger": "TimesheetTracker", "message": "Processed entry: customer=Unassigned, project=Unassigned", "context": {}}
{"timestamp": "2025-02-11T17:50:13.210617", "level": "DEBUG", "correlation_id": "b209b898-e8ff-4904-9de6-11d784d8399c", "logger": "TimesheetTracker", "message": "Converting empty/invalid project ID to Unassigned", "context": {}}
{"timestamp": "2025-02-11T17:50:13.232340", "level": "WARNING", "correlation_id": "b209b898-e8ff-4904-9de6-11d784d8399c", "logger": "TimesheetTracker", "message": "Validation failed for entry. Using defaults: customer=Unassigned, project=Unassigned", "context": {}}
{"timestamp": "2025-02-11T17:50:13.232603", "level": "DEBUG", "correlation_id": "b209b898-e8ff-4904-9de6-11d784d8399c", "logger": "TimesheetTracker", "message": "Processed entry: customer=Unassigned, project=Unassigned", "context": {}}
{"timestamp": "2025-02-11T17:50:13.254304", "level": "DEBUG", "correlation_id": "b209b898-e8ff-4904-9de6-11d784d8399c", "logger": "TimesheetTracker", "message": "Converting empty/invalid project ID to Unassigned", "context": {}}
{"timestamp": "2025-02-11T17:50:13.276025", "level": "WARNING", "correlation_id": "b209b898-e8ff-4904-9de6-11d784d8399c", "logger": "TimesheetTracker", "message": "Validation failed for entry. Using defaults: customer=Unassigned, project=Unassigned", "context": {}}
{"timestamp": "2025-02-11T17:50:13.276467", "level": "DEBUG", "correlation_id": "b209b898-e8ff-4904-9de6-11d784d8399c", "logger": "TimesheetTracker", "message": "Processed entry: customer=Unassigned, project=Unassigned", "context": {}}
{"timestamp": "2025-02-11T17:50:13.298253", "level": "DEBUG", "correlation_id": "b209b898-e8ff-4904-9de6-11d784d8399c", "logger": "TimesheetTracker", "message": "Converting empty/invalid project ID to Unassigned", "context": {}}
{"timestamp": "2025-02-11T17:50:13.320006", "level": "WARNING", "correlation_id": "b209b898-e8ff-4904-9de6-11d784d8399c", "logger": "TimesheetTracker", "message": "Validation failed for entry. Using defaults: customer=Unassigned, project=Unassigned", "context": {}}
{"timestamp": "2025-02-11T17:50:13.320298", "level": "DEBUG", "correlation_id": "b209b898-e8ff-4904-9de6-11d784d8399c", "logger": "TimesheetTracker", "message": "Processed entry: customer=Unassigned, project=Unassigned", "context": {}}
{"timestamp": "2025-02-11T17:50:18.022054", "level": "INFO", "correlation_id": "b209b898-e8ff-4904-9de6-11d784d8399c", "logger": "TimesheetTracker", "message": "Successfully created 205 time entries in bulk", "context": {}}
{"timestamp": "2025-02-11T17:50:18.023057", "level": "ERROR", "correlation_id": "b209b898-e8ff-4904-9de6-11d784d8399c", "logger": "TimesheetTracker", "message": "Error processing timesheet: Object of type date is not JSON serializable", "context": {}}
{"timestamp": "2025-02-11T17:50:18.023890", "level": "ERROR", "correlation_id": "b209b898-e8ff-4904-9de6-11d784d8399c", "logger": "TimesheetTracker", "message": "Database session error: 400: Object of type date is not JSON serializable", "context": {}}
{"timestamp": "2025-02-11T17:50:18.028927", "level": "ERROR", "correlation_id": "b209b898-e8ff-4904-9de6-11d784d8399c", "logger": "TimesheetTracker", "message": "Database session error details:", "context": {}, "exception": "Traceback (most recent call last):\n  File \"/home/runner/workspace/main.py\", line 311, in upload_timesheet\n    return JSONResponse(\n           ^^^^^^^^^^^^^\n  File \"/home/runner/workspace/.pythonlibs/lib/python3.11/site-packages/starlette/responses.py\", line 180, in __init__\n    super().__init__(content, status_code, headers, media_type, background)\n  File \"/home/runner/workspace/.pythonlibs/lib/python3.11/site-packages/starlette/responses.py\", line 43, in __init__\n    self.body = self.render(content)\n                ^^^^^^^^^^^^^^^^^^^^\n  File \"/home/runner/workspace/.pythonlibs/lib/python3.11/site-packages/starlette/responses.py\", line 183, in render\n    return json.dumps(\n           ^^^^^^^^^^^\n  File \"/nix/store/clx0mcir7qw8zk36zbr4jra789g3knf6-python3-3.11.10/lib/python3.11/json/__init__.py\", line 238, in dumps\n    **kw).encode(obj)\n          ^^^^^^^^^^^\n  File \"/nix/store/clx0mcir7qw8zk36zbr4jra789g3knf6-python3-3.11.10/lib/python3.11/json/encoder.py\", line 200, in encode\n    chunks = self.iterencode(o, _one_shot=True)\n             ^^^^^^^^^^^^^^^^^^^^^^^^^^^^^^^^^^\n  File \"/nix/store/clx0mcir7qw8zk36zbr4jra789g3knf6-python3-3.11.10/lib/python3.11/json/encoder.py\", line 258, in iterencode\n    return _iterencode(o, 0)\n           ^^^^^^^^^^^^^^^^^\n  File \"/nix/store/clx0mcir7qw8zk36zbr4jra789g3knf6-python3-3.11.10/lib/python3.11/json/encoder.py\", line 180, in default\n    raise TypeError(f'Object of type {o.__class__.__name__} '\nTypeError: Object of type date is not JSON serializable\n\nDuring handling of the above exception, another exception occurred:\n\nTraceback (most recent call last):\n  File \"/home/runner/workspace/database/database.py\", line 113, in get_db\n    yield db\n  File \"/home/runner/workspace/.pythonlibs/lib/python3.11/site-packages/fastapi/concurrency.py\", line 27, in contextmanager_in_threadpool\n    yield await run_in_threadpool(cm.__enter__)\n  File \"/home/runner/workspace/.pythonlibs/lib/python3.11/site-packages/fastapi/routing.py\", line 301, in app\n    raw_response = await run_endpoint_function(\n                   ^^^^^^^^^^^^^^^^^^^^^^^^^^^^\n  File \"/home/runner/workspace/.pythonlibs/lib/python3.11/site-packages/fastapi/routing.py\", line 212, in run_endpoint_function\n    return await dependant.call(**values)\n           ^^^^^^^^^^^^^^^^^^^^^^^^^^^^^^\n  File \"/home/runner/workspace/main.py\", line 320, in upload_timesheet\n    raise HTTPException(status_code=400, detail=str(e))\nfastapi.exceptions.HTTPException: 400: Object of type date is not JSON serializable"}
{"timestamp": "2025-02-11T17:50:18.051788", "level": "DEBUG", "correlation_id": "b209b898-e8ff-4904-9de6-11d784d8399c", "logger": "TimesheetTracker", "message": "Database session closed", "context": {}}
{"timestamp": "2025-02-11T17:50:18.052863", "level": "WARNING", "correlation_id": "b209b898-e8ff-4904-9de6-11d784d8399c", "logger": "TimesheetTracker", "message": "Request failed with status 400", "context": {"correlation_id": "b209b898-e8ff-4904-9de6-11d784d8399c", "status_code": 400, "method": "POST", "url": "http://6ed7ce35-85b3-498b-9e9b-4d63631ed8e3-00-2owzgyvztotfg.worf.replit.dev/time-entries/upload/", "process_time_ms": "14428.28", "response_headers": {"content-length": "57", "content-type": "application/json", "access-control-allow-origin": "*", "access-control-expose-headers": "X-Total-Count, X-Correlation-ID"}, "error_detail": null, "query_params": {}, "path_params": {}, "client_host": "172.31.128.42", "path": "/time-entries/upload/", "origin": "https://6ed7ce35-85b3-498b-9e9b-4d63631ed8e3-00-2owzgyvztotfg.worf.replit.dev", "cors_method": null, "cors_headers": null}}
{"timestamp": "2025-02-11T17:50:18.053464", "level": "DEBUG", "correlation_id": "b209b898-e8ff-4904-9de6-11d784d8399c", "logger": "TimesheetTracker", "message": "Adding CORS headers to response", "context": {"correlation_id": "b209b898-e8ff-4904-9de6-11d784d8399c", "method": "POST", "path": "/time-entries/upload/", "status_code": 400}}
INFO:     172.31.128.42:40250 - "POST /time-entries/upload/ HTTP/1.1" 400 Bad Request